C51 COMPILER V9.00   INIT                                                                  04/23/2016 15:11:58 PAGE 1   


C51 COMPILER V9.00, COMPILATION OF MODULE INIT
OBJECT MODULE PLACED IN ..\Output\Init.obj
COMPILER INVOKED BY: D:\keil c51\C51\BIN\C51.EXE ..\src\Init.c LARGE BROWSE INCDIR(..\inc;D:\keil c51\C51\INC) DEBUG OBJ
                    -ECTEXTEND PRINT(..\list\Init.lst) OBJECT(..\Output\Init.obj)

line level    source

   1          #include <Var.h>
   2          
   3          void MCU_Init()
   4          {
   5   1              UartInit();
   6   1      //      Init_MMA7660();
   7   1      //      Lcd_Init();
   8   1      //      WDT_CONTR = 0x3c;       //看门狗定时时间=12*预分频*32768/晶振频率
   9   1      //                                              //定时1.1377S
  10   1      }


MODULE INFORMATION:   STATIC OVERLAYABLE
   CODE SIZE        =      3    ----
   CONSTANT SIZE    =   ----    ----
   XDATA SIZE       =   ----    ----
   PDATA SIZE       =   ----    ----
   DATA SIZE        =   ----    ----
   IDATA SIZE       =   ----    ----
   BIT SIZE         =   ----    ----
END OF MODULE INFORMATION.


C51 COMPILATION COMPLETE.  0 WARNING(S),  0 ERROR(S)
