C51 COMPILER V9.00   SHUMAGUAN                                                             04/23/2016 15:12:00 PAGE 1   


C51 COMPILER V9.00, COMPILATION OF MODULE SHUMAGUAN
OBJECT MODULE PLACED IN ..\Output\shumaguan.obj
COMPILER INVOKED BY: D:\keil c51\C51\BIN\C51.EXE ..\src\shumaguan.c LARGE BROWSE INCDIR(..\inc;D:\keil c51\C51\INC) DEBU
                    -G OBJECTEXTEND PRINT(..\list\shumaguan.lst) OBJECT(..\Output\shumaguan.obj)

line level    source

   1          #include <Var.h>
   2          
   3          /*共阳极数码管，74HC573驱动*/ 
   4          unsigned char code display1[]={0xc0,0xf9,0xa4,0xb0,0x99,0x92,0x82,0xf8,0x80,0x90};
   5          unsigned char code display2[]={0x00,0x40,0x79,0x34,0x30,0x19,0x12,0x02,0x78,0x00,0x10};
   6          unsigned char code controlshumaguan[]={0x00,0x01,0x02,0x04,0x08,0x10,0x20,0x40,0x80};
   7          
   8          void displayshumaguan(unsigned char control,unsigned char shuju)
   9          {
  10   1      //      DATA=controlshumaguan[control];
  11   1      //      LE2=1;
  12   1      //      LE2=0;
  13   1      //      DATA=display1[shuju];
  14   1      //      LE1=1;
  15   1      //      LE1=0;
  16   1              P2 = ~controlshumaguan[control];
  17   1              P1 = display1[shuju];
  18   1      }


MODULE INFORMATION:   STATIC OVERLAYABLE
   CODE SIZE        =     16    ----
   CONSTANT SIZE    =     30    ----
   XDATA SIZE       =   ----    ----
   PDATA SIZE       =   ----    ----
   DATA SIZE        =   ----    ----
   IDATA SIZE       =   ----    ----
   BIT SIZE         =   ----    ----
END OF MODULE INFORMATION.


C51 COMPILATION COMPLETE.  0 WARNING(S),  0 ERROR(S)
