C51 COMPILER V9.00   TASK                                                                  09/09/2015 22:19:46 PAGE 1   


C51 COMPILER V9.00, COMPILATION OF MODULE TASK
OBJECT MODULE PLACED IN ..\output\task.obj
COMPILER INVOKED BY: D:\keil c51\C51\BIN\C51.EXE ..\src\task.c BROWSE INCDIR(..\inc) DEBUG OBJECTEXTEND PRINT(..\list\ta
                    -sk.lst) OBJECT(..\output\task.obj)

line level    source

   1          #include <variable.h>
   2          
   3          void UartInit()         //9600bps@12.000MHz
   4          {
   5   1              PCON &= 0x7F;           //波特率不倍速
   6   1              SCON = 0x50;            //8位数据,可变波特率
   7   1              TMOD &= 0x0F;           //清除定时器1模式位
   8   1              TMOD |= 0x20;           //设定定时器1为8位自动重装方式
   9   1              TI=1;
  10   1              TL1 = 0xFD;             //设定定时初值
  11   1              TH1 = 0xFD;             //设定定时器重装值
  12   1              ET1 = 0;                //禁止定时器1中断
  13   1              TR1 = 1;                //启动定时器1
  14   1      }
  15          
  16          void Init(void) _task_ 0
  17          {
  18   1              os_create_task(1);
  19   1              os_create_task(2);
  20   1              os_create_task(3);
  21   1              UartInit();
  22   1              A1 = 0;
  23   1              A2 = 0;
  24   1              A3 = 0;
  25   1              os_delete_task(0);
  26   1      }
  27          
  28          void T11(void) _task_ 1
  29          {
  30   1              while(1)
  31   1              {
  32   2                      os_wait(K_IVL,10,0);
  33   2                      A1 = ~A1;
  34   2              }
  35   1      }
  36          
  37          void T12(void) _task_ 2
  38          {
  39   1              static unsigned char i = 1;
  40   1              while(1)
  41   1              {       
  42   2      //              os_wait(K_IVL,10,0);
  43   2                      i++;
  44   2                      if(i>10)
  45   2                      {
  46   3                              os_send_signal(3);
  47   3                              i = 1;
  48   3                      }
  49   2      //              os_wait(K_IVL,10,0);      //以后的语句不执行
  50   2                      os_wait(K_TMO,10,0);
  51   2                      A2 = ~A2;               
  52   2              }
  53   1      }
  54          
C51 COMPILER V9.00   TASK                                                                  09/09/2015 22:19:46 PAGE 2   

  55          void T13(void) _task_ 3
  56          {
  57   1              while(1)
  58   1              {
  59   2                      os_wait(K_SIG,0,0);
  60   2                      A3 = ~A3;
  61   2                      printf ("\nHello World\n");
  62   2              }
  63   1      }


MODULE INFORMATION:   STATIC OVERLAYABLE
   CODE SIZE        =    121    ----
   CONSTANT SIZE    =     14    ----
   XDATA SIZE       =   ----    ----
   PDATA SIZE       =   ----    ----
   DATA SIZE        =      1    ----
   IDATA SIZE       =   ----    ----
   BIT SIZE         =   ----    ----
END OF MODULE INFORMATION.


C51 COMPILATION COMPLETE.  0 WARNING(S),  0 ERROR(S)
