C51 COMPILER V9.00   MEASURE_LENGTH                                                        07/30/2015 21:35:53 PAGE 1   


C51 COMPILER V9.00, COMPILATION OF MODULE MEASURE_LENGTH
OBJECT MODULE PLACED IN ..\Output\Measure_Length.obj
COMPILER INVOKED BY: D:\keil c51\C51\BIN\C51.EXE ..\src\Measure_Length.c LARGE BROWSE INCDIR(..\inc;D:\keil c51\C51\INC)
                    - DEBUG OBJECTEXTEND PRINT(..\list\Measure_Length.lst) OBJECT(..\Output\Measure_Length.obj)

line level    source

   1          #include <Var.h>
   2          
   3          float Measure_Length()
   4          {
   5   1              double len = 0.0;
   6   1              double ms = 0.0;
   7   1              unsigned int tim = 0;   
   8   1              
   9   1              AUXR &= 0xBF;           //定时器时钟12T模式
  10   1              TMOD &= 0x0F;           //设置定时器1模式
  11   1              TMOD |= 0x10;           //设置定时器1模式
  12   1              TL1 = 0;
  13   1              TH1 = 0;
  14   1              TF1 = 0;                //清除TF0标志
  15   1              ET1 = 0;
  16   1              Trig = 0;
  17   1              delay_us(10,T0);
  18   1              Trig = 1;
  19   1              delay_us(10,T0);
  20   1              Trig = 0;
  21   1              while(!Echo);
  22   1              TR1 = 1;
  23   1              while(Echo);
  24   1              TR1 = 0;
  25   1              tim = TH1;
  26   1              tim = tim*256+TL1;
  27   1      //      if(TF1 == 1)
  28   1      //      {
  29   1      //              TF1 = 0;
  30   1      //              tim = tim+65535;
  31   1      //      }
  32   1              ms = tim*12/11.0592*0.001;
  33   1              len = sqrt(1.4*287*(273.15+dispaly_DS18B20()))*ms*0.001/2.0+0.01;
  34   1      
  35   1              Lcd_display(2,0,number[(unsigned int)len]);
  36   1              Lcd_display(2,1,String2[10]);
  37   1              Lcd_display(2,2,number[((unsigned int)(len*10))%10]);
  38   1              Lcd_display(2,3,number[((unsigned int)(len*100))%10]);
  39   1          Lcd_display(2,4,'m');
  40   1      
  41   1              return len;
  42   1      }


MODULE INFORMATION:   STATIC OVERLAYABLE
   CODE SIZE        =    415    ----
   CONSTANT SIZE    =   ----    ----
   XDATA SIZE       =   ----      10
   PDATA SIZE       =   ----    ----
   DATA SIZE        =   ----    ----
   IDATA SIZE       =   ----    ----
   BIT SIZE         =   ----    ----
END OF MODULE INFORMATION.


C51 COMPILATION COMPLETE.  0 WARNING(S),  0 ERROR(S)
